<?xml version="1.0" encoding="UTF-8"?>
<!-- Generated by org.testng.reporters.JUnitReportReporter -->
<testsuite hostname="Shankar" failures="0" tests="1" name="com.hackathon.testCases.MakeMyTripTestCase" time="89.866" errors="0" timestamp="2021-09-27T22:17:30 IST" skipped="0">
  <testcase classname="com.hackathon.testCases.MakeMyTripTestCase" name="test" time="89.866"/>
  <system-out/>
</testsuite> <!-- com.hackathon.testCases.MakeMyTripTestCase -->
